<?xml version="1.0" encoding="UTF-8"?>
<!-- Generated by org.testng.reporters.JUnitXMLReporter -->
<testsuite ignored="0" hostname="DESKTOP-OK4V64I" failures="0" tests="1" name="Test1" time="27.524" errors="0" timestamp="2024-03-18T18:40:06 IST">
  <testcase classname="byTeachers.NewTest" name="@BeforeMethod login" time="0.001">
    <failure type="java.lang.NullPointerException" message="Cannot invoke &amp;quot;BaseStudy.Homepage.login()&amp;quot; because &amp;quot;this.ho&amp;quot; is null">
      <![CDATA[java.lang.NullPointerException: Cannot invoke "BaseStudy.Homepage.login()" because "this.ho" is null
at byTeachers.NewTest.login(NewTest.java:30)
at java.base/java.util.ArrayList.forEach(ArrayList.java:1511)
at java.base/java.util.concurrent.FutureTask.run(FutureTask.java:264)
at java.base/java.util.concurrent.ThreadPoolExecutor.runWorker(ThreadPoolExecutor.java:1136)
at java.base/java.util.concurrent.ThreadPoolExecutor$Worker.run(ThreadPoolExecutor.java:635)
at java.base/java.lang.Thread.run(Thread.java:833)
... Removed 21 stack frames]]>
    </failure>
  </testcase> <!-- @BeforeMethod login -->
  <testcase classname="byTeachers.NewTest" name="@AfterMethod loggingOut" time="0.0">
    <skipped/>
  </testcase> <!-- @AfterMethod loggingOut -->
  <testcase classname="byTeachers.NewTest" name="ValidatingUserName" time="0.001">
    <skipped/>
  </testcase> <!-- ValidatingUserName -->
</testsuite> <!-- Test1 -->
