<?xml version="1.0" encoding="UTF-8"?>
<!-- Generated by org.testng.reporters.JUnitXMLReporter -->
<testsuite ignored="0" hostname="DESKTOP-OK4V64I" failures="0" tests="4" name="OnlyChromeTest" time="118.33" errors="0" timestamp="2025-04-14T14:36:57 IST">
  <testcase classname="assesment.AssesmentMultiTrackTest" name="createAssesment" time="24.321"/>
  <testcase classname="assesment.AssesmentMultiTrackTest" name="createTrack" time="28.757"/>
  <testcase classname="assesment.AssesmentMultiTrackTest" name="fillTrack" time="44.752"/>
  <testcase classname="assesment.AssesmentMultiTrackTest" name="examPublish" time="6.623"/>
</testsuite> <!-- OnlyChromeTest -->
